# JRE version: OpenJDK Runtime Environment (8.0_112-b06) (build 1.8.0_112-release-b06)
# Java VM: OpenJDK 64-Bit Server VM (25.112-b06 mixed mode windows-amd64 compressed oops)
Heap:
 PSYoungGen      total 290816K, used 111397K [0x00000000e0000000, 0x00000000fc380000, 0x0000000100000000)
  eden space 250368K, 35% used [0x00000000e0000000,0x00000000e5599b50,0x00000000ef480000)
  from space 40448K, 58% used [0x00000000ef480000,0x00000000f0baf8d0,0x00000000f1c00000)
  to   space 39936K, 0% used [0x00000000f9c80000,0x00000000f9c80000,0x00000000fc380000)
 ParOldGen       total 184320K, used 49955K [0x00000000a0000000, 0x00000000ab400000, 0x00000000e0000000)
  object space 184320K, 27% used [0x00000000a0000000,0x00000000a30c8de8,0x00000000ab400000)
 Metaspace       used 85684K, capacity 89630K, committed 89856K, reserved 1126400K
  class space    used 11085K, capacity 11945K, committed 12032K, reserved 1048576K
GC Heap History (10 events):
Event: 49.600 GC heap before
{Heap before GC invocations=14 (full 3):
 PSYoungGen      total 211456K, used 211250K [0x00000000e0000000, 0x00000000ef700000, 0x0000000100000000)
  eden space 196096K, 100% used [0x00000000e0000000,0x00000000ebf80000,0x00000000ebf80000)
  from space 15360K, 98% used [0x00000000ee800000,0x00000000ef6cc848,0x00000000ef700000)
  to   space 27136K, 0% used [0x00000000ec200000,0x00000000ec200000,0x00000000edc80000)
 ParOldGen       total 184320K, used 46620K [0x00000000a0000000, 0x00000000ab400000, 0x00000000e0000000)
  object space 184320K, 25% used [0x00000000a0000000,0x00000000a2d87200,0x00000000ab400000)
 Metaspace       used 73318K, capacity 76662K, committed 76928K, reserved 1116160K
  class space    used 9728K, capacity 10507K, committed 10624K, reserved 1048576K
Event: 49.629 GC heap after
Heap after GC invocations=14 (full 3):
 PSYoungGen      total 225792K, used 24923K [0x00000000e0000000, 0x00000000f1900000, 0x0000000100000000)
  eden space 198656K, 0% used [0x00000000e0000000,0x00000000e0000000,0x00000000ec200000)
  from space 27136K, 91% used [0x00000000ec200000,0x00000000eda56dc0,0x00000000edc80000)
  to   space 30208K, 0% used [0x00000000efb80000,0x00000000efb80000,0x00000000f1900000)
 ParOldGen       total 184320K, used 46628K [0x00000000a0000000, 0x00000000ab400000, 0x00000000e0000000)
  object space 184320K, 25% used [0x00000000a0000000,0x00000000a2d89200,0x00000000ab400000)
 Metaspace       used 73318K, capacity 76662K, committed 76928K, reserved 1116160K
  class space    used 9728K, capacity 10507K, committed 10624K, reserved 1048576K
}
Event: 63.571 GC heap before
{Heap before GC invocations=15 (full 3):
 PSYoungGen      total 225792K, used 223579K [0x00000000e0000000, 0x00000000f1900000, 0x0000000100000000)
  eden space 198656K, 100% used [0x00000000e0000000,0x00000000ec200000,0x00000000ec200000)
  from space 27136K, 91% used [0x00000000ec200000,0x00000000eda56dc0,0x00000000edc80000)
  to   space 30208K, 0% used [0x00000000efb80000,0x00000000efb80000,0x00000000f1900000)
 ParOldGen       total 184320K, used 46628K [0x00000000a0000000, 0x00000000ab400000, 0x00000000e0000000)
  object space 184320K, 25% used [0x00000000a0000000,0x00000000a2d89200,0x00000000ab400000)
 Metaspace       used 77470K, capacity 80846K, committed 81152K, reserved 1120256K
  class space    used 10147K, capacity 10885K, committed 11008K, reserved 1048576K
Event: 63.610 GC heap after
Heap after GC invocations=15 (full 3):
 PSYoungGen      total 254464K, used 27057K [0x00000000e0000000, 0x00000000f1e80000, 0x0000000100000000)
  eden space 224256K, 0% used [0x00000000e0000000,0x00000000e0000000,0x00000000edb00000)
  from space 30208K, 89% used [0x00000000efb80000,0x00000000f15ec468,0x00000000f1900000)
  to   space 33280K, 0% used [0x00000000edb00000,0x00000000edb00000,0x00000000efb80000)
 ParOldGen       total 184320K, used 46628K [0x00000000a0000000, 0x00000000ab400000, 0x00000000e0000000)
  object space 184320K, 25% used [0x00000000a0000000,0x00000000a2d89200,0x00000000ab400000)
 Metaspace       used 77470K, capacity 80846K, committed 81152K, reserved 1120256K
  class space    used 10147K, capacity 10885K, committed 11008K, reserved 1048576K
}
Event: 97.878 GC heap before
{Heap before GC invocations=16 (full 3):
 PSYoungGen      total 254464K, used 251313K [0x00000000e0000000, 0x00000000f1e80000, 0x0000000100000000)
  eden space 224256K, 100% used [0x00000000e0000000,0x00000000edb00000,0x00000000edb00000)
  from space 30208K, 89% used [0x00000000efb80000,0x00000000f15ec468,0x00000000f1900000)
  to   space 33280K, 0% used [0x00000000edb00000,0x00000000edb00000,0x00000000efb80000)
 ParOldGen       total 184320K, used 46628K [0x00000000a0000000, 0x00000000ab400000, 0x00000000e0000000)
  object space 184320K, 25% used [0x00000000a0000000,0x00000000a2d89200,0x00000000ab400000)
 Metaspace       used 77756K, capacity 81234K, committed 81408K, reserved 1120256K
  class space    used 10166K, capacity 10911K, committed 11008K, reserved 1048576K
Event: 97.931 GC heap after
Heap after GC invocations=16 (full 3):
 PSYoungGen      total 257536K, used 33264K [0x00000000e0000000, 0x00000000f4280000, 0x0000000100000000)
  eden space 224256K, 0% used [0x00000000e0000000,0x00000000e0000000,0x00000000edb00000)
  from space 33280K, 99% used [0x00000000edb00000,0x00000000efb7c2b0,0x00000000efb80000)
  to   space 39424K, 0% used [0x00000000f1c00000,0x00000000f1c00000,0x00000000f4280000)
 ParOldGen       total 184320K, used 49939K [0x00000000a0000000, 0x00000000ab400000, 0x00000000e0000000)
  object space 184320K, 27% used [0x00000000a0000000,0x00000000a30c4de8,0x00000000ab400000)
 Metaspace       used 77756K, capacity 81234K, committed 81408K, reserved 1120256K
  class space    used 10166K, capacity 10911K, committed 11008K, reserved 1048576K
}
Event: 108.223 GC heap before
{Heap before GC invocations=17 (full 3):
 PSYoungGen      total 257536K, used 257246K [0x00000000e0000000, 0x00000000f4280000, 0x0000000100000000)
  eden space 224256K, 99% used [0x00000000e0000000,0x00000000edabb920,0x00000000edb00000)
  from space 33280K, 99% used [0x00000000edb00000,0x00000000efb7c2b0,0x00000000efb80000)
  to   space 39424K, 0% used [0x00000000f1c00000,0x00000000f1c00000,0x00000000f4280000)
 ParOldGen       total 184320K, used 49939K [0x00000000a0000000, 0x00000000ab400000, 0x00000000e0000000)
  object space 184320K, 27% used [0x00000000a0000000,0x00000000a30c4de8,0x00000000ab400000)
 Metaspace       used 85068K, capacity 88940K, committed 89216K, reserved 1126400K
  class space    used 11019K, capacity 11858K, committed 11904K, reserved 1048576K
Event: 108.281 GC heap after
Heap after GC invocations=17 (full 3):
 PSYoungGen      total 289792K, used 25606K [0x00000000e0000000, 0x00000000f4500000, 0x0000000100000000)
  eden space 250368K, 0% used [0x00000000e0000000,0x00000000e0000000,0x00000000ef480000)
  from space 39424K, 64% used [0x00000000f1c00000,0x00000000f3501840,0x00000000f4280000)
  to   space 40448K, 0% used [0x00000000ef480000,0x00000000ef480000,0x00000000f1c00000)
 ParOldGen       total 184320K, used 49947K [0x00000000a0000000, 0x00000000ab400000, 0x00000000e0000000)
  object space 184320K, 27% used [0x00000000a0000000,0x00000000a30c6de8,0x00000000ab400000)
 Metaspace       used 85068K, capacity 88940K, committed 89216K, reserved 1126400K
  class space    used 11019K, capacity 11858K, committed 11904K, reserved 1048576K
}
Event: 108.334 GC heap before
{Heap before GC invocations=18 (full 3):
 PSYoungGen      total 289792K, used 275910K [0x00000000e0000000, 0x00000000f4500000, 0x0000000100000000)
  eden space 250368K, 99% used [0x00000000e0000000,0x00000000ef470240,0x00000000ef480000)
  from space 39424K, 64% used [0x00000000f1c00000,0x00000000f3501840,0x00000000f4280000)
  to   space 40448K, 0% used [0x00000000ef480000,0x00000000ef480000,0x00000000f1c00000)
 ParOldGen       total 184320K, used 49947K [0x00000000a0000000, 0x00000000ab400000, 0x00000000e0000000)
  object space 184320K, 27% used [0x00000000a0000000,0x00000000a30c6de8,0x00000000ab400000)
 Metaspace       used 85074K, capacity 89004K, committed 89216K, reserved 1126400K
  class space    used 11019K, capacity 11858K, committed 11904K, reserved 1048576K
Event: 108.398 GC heap after
Heap after GC invocations=18 (full 3):
 PSYoungGen      total 290816K, used 23742K [0x00000000e0000000, 0x00000000fc380000, 0x0000000100000000)
  eden space 250368K, 0% used [0x00000000e0000000,0x00000000e0000000,0x00000000ef480000)
  from space 40448K, 58% used [0x00000000ef480000,0x00000000f0baf8d0,0x00000000f1c00000)
  to   space 39936K, 0% used [0x00000000f9c80000,0x00000000f9c80000,0x00000000fc380000)
 ParOldGen       total 184320K, used 49955K [0x00000000a0000000, 0x00000000ab400000, 0x00000000e0000000)
  object space 184320K, 27% used [0x00000000a0000000,0x00000000a30c8de8,0x00000000ab400000)
 Metaspace       used 85074K, capacity 89004K, committed 89216K, reserved 1126400K
  class space    used 11019K, capacity 11858K, committed 11904K, reserved 1048576K
}

