# JRE version: OpenJDK Runtime Environment (8.0_112-b06) (build 1.8.0_112-release-b06)
# Java VM: OpenJDK 64-Bit Server VM (25.112-b06 mixed mode windows-amd64 compressed oops)
Heap:
 PSYoungGen      total 109056K, used 16729K [0x00000000eab00000, 0x00000000f2a80000, 0x0000000100000000)
  eden space 89600K, 13% used [0x00000000eab00000,0x00000000eb7026b8,0x00000000f0280000)
  from space 19456K, 22% used [0x00000000f1780000,0x00000000f1bd4010,0x00000000f2a80000)
  to   space 20480K, 0% used [0x00000000f0280000,0x00000000f0280000,0x00000000f1680000)
 ParOldGen       total 172544K, used 122456K [0x00000000c0000000, 0x00000000ca880000, 0x00000000eab00000)
  object space 172544K, 70% used [0x00000000c0000000,0x00000000c7796330,0x00000000ca880000)
 Metaspace       used 78966K, capacity 88126K, committed 88408K, reserved 1126400K
  class space    used 10151K, capacity 11066K, committed 11136K, reserved 1048576K
GC Heap History (10 events):
Event: 18885.548 GC heap before
{Heap before GC invocations=145 (full 3):
 PSYoungGen      total 68608K, used 68292K [0x00000000eab00000, 0x00000000f1a00000, 0x0000000100000000)
  eden space 62464K, 99% used [0x00000000eab00000,0x00000000ee7f6298,0x00000000ee800000)
  from space 6144K, 95% used [0x00000000ee900000,0x00000000eeebb098,0x00000000eef00000)
  to   space 25600K, 0% used [0x00000000f0100000,0x00000000f0100000,0x00000000f1a00000)
 ParOldGen       total 172544K, used 121816K [0x00000000c0000000, 0x00000000ca880000, 0x00000000eab00000)
  object space 172544K, 70% used [0x00000000c0000000,0x00000000c76f6330,0x00000000ca880000)
 Metaspace       used 78528K, capacity 87682K, committed 87896K, reserved 1126400K
  class space    used 10108K, capacity 11026K, committed 11136K, reserved 1048576K
Event: 18885.560 GC heap after
Heap after GC invocations=145 (full 3):
 PSYoungGen      total 89088K, used 5772K [0x00000000eab00000, 0x00000000f2300000, 0x0000000100000000)
  eden space 63488K, 0% used [0x00000000eab00000,0x00000000eab00000,0x00000000ee900000)
  from space 25600K, 22% used [0x00000000f0100000,0x00000000f06a3098,0x00000000f1a00000)
  to   space 24576K, 0% used [0x00000000ee900000,0x00000000ee900000,0x00000000f0100000)
 ParOldGen       total 172544K, used 121840K [0x00000000c0000000, 0x00000000ca880000, 0x00000000eab00000)
  object space 172544K, 70% used [0x00000000c0000000,0x00000000c76fc330,0x00000000ca880000)
 Metaspace       used 78528K, capacity 87682K, committed 87896K, reserved 1126400K
  class space    used 10108K, capacity 11026K, committed 11136K, reserved 1048576K
}
Event: 18885.602 GC heap before
{Heap before GC invocations=146 (full 3):
 PSYoungGen      total 89088K, used 68343K [0x00000000eab00000, 0x00000000f2300000, 0x0000000100000000)
  eden space 63488K, 98% used [0x00000000eab00000,0x00000000ee81ac48,0x00000000ee900000)
  from space 25600K, 22% used [0x00000000f0100000,0x00000000f06a3098,0x00000000f1a00000)
  to   space 24576K, 0% used [0x00000000ee900000,0x00000000ee900000,0x00000000f0100000)
 ParOldGen       total 172544K, used 121840K [0x00000000c0000000, 0x00000000ca880000, 0x00000000eab00000)
  object space 172544K, 70% used [0x00000000c0000000,0x00000000c76fc330,0x00000000ca880000)
 Metaspace       used 78528K, capacity 87682K, committed 87896K, reserved 1126400K
  class space    used 10108K, capacity 11026K, committed 11136K, reserved 1048576K
Event: 18885.612 GC heap after
Heap after GC invocations=146 (full 3):
 PSYoungGen      total 88064K, used 5596K [0x00000000eab00000, 0x00000000f2280000, 0x0000000100000000)
  eden space 63488K, 0% used [0x00000000eab00000,0x00000000eab00000,0x00000000ee900000)
  from space 24576K, 22% used [0x00000000ee900000,0x00000000eee770a8,0x00000000f0100000)
  to   space 23552K, 0% used [0x00000000f0b80000,0x00000000f0b80000,0x00000000f2280000)
 ParOldGen       total 172544K, used 122000K [0x00000000c0000000, 0x00000000ca880000, 0x00000000eab00000)
  object space 172544K, 70% used [0x00000000c0000000,0x00000000c7724330,0x00000000ca880000)
 Metaspace       used 78528K, capacity 87682K, committed 87896K, reserved 1126400K
  class space    used 10108K, capacity 11026K, committed 11136K, reserved 1048576K
}
Event: 18885.622 GC heap before
{Heap before GC invocations=147 (full 3):
 PSYoungGen      total 88064K, used 68181K [0x00000000eab00000, 0x00000000f2280000, 0x0000000100000000)
  eden space 63488K, 98% used [0x00000000eab00000,0x00000000ee81e448,0x00000000ee900000)
  from space 24576K, 22% used [0x00000000ee900000,0x00000000eee770a8,0x00000000f0100000)
  to   space 23552K, 0% used [0x00000000f0b80000,0x00000000f0b80000,0x00000000f2280000)
 ParOldGen       total 172544K, used 122000K [0x00000000c0000000, 0x00000000ca880000, 0x00000000eab00000)
  object space 172544K, 70% used [0x00000000c0000000,0x00000000c7724330,0x00000000ca880000)
 Metaspace       used 78528K, capacity 87682K, committed 87896K, reserved 1126400K
  class space    used 10108K, capacity 11026K, committed 11136K, reserved 1048576K
Event: 18885.630 GC heap after
Heap after GC invocations=147 (full 3):
 PSYoungGen      total 96768K, used 5264K [0x00000000eab00000, 0x00000000f2080000, 0x0000000100000000)
  eden space 75264K, 0% used [0x00000000eab00000,0x00000000eab00000,0x00000000ef480000)
  from space 21504K, 24% used [0x00000000f0b80000,0x00000000f10a4030,0x00000000f2080000)
  to   space 22528K, 0% used [0x00000000ef480000,0x00000000ef480000,0x00000000f0a80000)
 ParOldGen       total 172544K, used 122080K [0x00000000c0000000, 0x00000000ca880000, 0x00000000eab00000)
  object space 172544K, 70% used [0x00000000c0000000,0x00000000c7738330,0x00000000ca880000)
 Metaspace       used 78528K, capacity 87682K, committed 87896K, reserved 1126400K
  class space    used 10108K, capacity 11026K, committed 11136K, reserved 1048576K
}
Event: 18885.641 GC heap before
{Heap before GC invocations=148 (full 3):
 PSYoungGen      total 96768K, used 79548K [0x00000000eab00000, 0x00000000f2080000, 0x0000000100000000)
  eden space 75264K, 98% used [0x00000000eab00000,0x00000000ef38b110,0x00000000ef480000)
  from space 21504K, 24% used [0x00000000f0b80000,0x00000000f10a4030,0x00000000f2080000)
  to   space 22528K, 0% used [0x00000000ef480000,0x00000000ef480000,0x00000000f0a80000)
 ParOldGen       total 172544K, used 122080K [0x00000000c0000000, 0x00000000ca880000, 0x00000000eab00000)
  object space 172544K, 70% used [0x00000000c0000000,0x00000000c7738330,0x00000000ca880000)
 Metaspace       used 78528K, capacity 87682K, committed 87896K, reserved 1126400K
  class space    used 10108K, capacity 11026K, committed 11136K, reserved 1048576K
Event: 18885.648 GC heap after
Heap after GC invocations=148 (full 3):
 PSYoungGen      total 97792K, used 5040K [0x00000000eab00000, 0x00000000f2c80000, 0x0000000100000000)
  eden space 75264K, 0% used [0x00000000eab00000,0x00000000eab00000,0x00000000ef480000)
  from space 22528K, 22% used [0x00000000ef480000,0x00000000ef96c030,0x00000000f0a80000)
  to   space 21504K, 0% used [0x00000000f1780000,0x00000000f1780000,0x00000000f2c80000)
 ParOldGen       total 172544K, used 122296K [0x00000000c0000000, 0x00000000ca880000, 0x00000000eab00000)
  object space 172544K, 70% used [0x00000000c0000000,0x00000000c776e330,0x00000000ca880000)
 Metaspace       used 78528K, capacity 87682K, committed 87896K, reserved 1126400K
  class space    used 10108K, capacity 11026K, committed 11136K, reserved 1048576K
}
Event: 18885.705 GC heap before
{Heap before GC invocations=149 (full 3):
 PSYoungGen      total 97792K, used 80304K [0x00000000eab00000, 0x00000000f2c80000, 0x0000000100000000)
  eden space 75264K, 100% used [0x00000000eab00000,0x00000000ef480000,0x00000000ef480000)
  from space 22528K, 22% used [0x00000000ef480000,0x00000000ef96c030,0x00000000f0a80000)
  to   space 21504K, 0% used [0x00000000f1780000,0x00000000f1780000,0x00000000f2c80000)
 ParOldGen       total 172544K, used 122296K [0x00000000c0000000, 0x00000000ca880000, 0x00000000eab00000)
  object space 172544K, 70% used [0x00000000c0000000,0x00000000c776e330,0x00000000ca880000)
 Metaspace       used 78533K, capacity 87746K, committed 87896K, reserved 1126400K
  class space    used 10108K, capacity 11026K, committed 11136K, reserved 1048576K
Event: 18885.716 GC heap after
Heap after GC invocations=149 (full 3):
 PSYoungGen      total 109056K, used 4432K [0x00000000eab00000, 0x00000000f2a80000, 0x0000000100000000)
  eden space 89600K, 0% used [0x00000000eab00000,0x00000000eab00000,0x00000000f0280000)
  from space 19456K, 22% used [0x00000000f1780000,0x00000000f1bd4010,0x00000000f2a80000)
  to   space 20480K, 0% used [0x00000000f0280000,0x00000000f0280000,0x00000000f1680000)
 ParOldGen       total 172544K, used 122456K [0x00000000c0000000, 0x00000000ca880000, 0x00000000eab00000)
  object space 172544K, 70% used [0x00000000c0000000,0x00000000c7796330,0x00000000ca880000)
 Metaspace       used 78533K, capacity 87746K, committed 87896K, reserved 1126400K
  class space    used 10108K, capacity 11026K, committed 11136K, reserved 1048576K
}

